Release 14.7 Map P.20131013 (nt64)
Xilinx Mapping Report File for Design 'device'

Design Information
------------------
Command Line   : map -intstyle ise -p xc6slx45t-fgg484-3 -w -logic_opt off -ol
high -t 1 -xt 0 -register_duplication off -r 4 -global_opt off -mt off -ir off
-pr off -lc off -power off -o device_map.ncd device.ngd device.pcf 
Target Device  : xc6slx45t
Target Package : fgg484
Target Speed   : -3
Mapper Version : spartan6 -- $Revision: 1.55 $
Mapped Date    : Thu Dec 27 15:13:50 2018

Design Summary
--------------
Number of errors:      0
Number of warnings:   11
Slice Logic Utilization:
  Number of Slice Registers:                    20 out of  54,576    1%
    Number used as Flip Flops:                   0
    Number used as Latches:                     20
    Number used as Latch-thrus:                  0
    Number used as AND/OR logics:                0
  Number of Slice LUTs:                         77 out of  27,288    1%
    Number used as logic:                       77 out of  27,288    1%
      Number using O6 output only:              65
      Number using O5 output only:               0
      Number using O5 and O6:                   12
      Number used as ROM:                        0
    Number used as Memory:                       0 out of   6,408    0%

Slice Logic Distribution:
  Number of occupied Slices:                    43 out of   6,822    1%
  Number of MUXCYs used:                        12 out of  13,644    1%
  Number of LUT Flip Flop pairs used:           80
    Number with an unused Flip Flop:            60 out of      80   75%
    Number with an unused LUT:                   3 out of      80    3%
    Number of fully used LUT-FF pairs:          17 out of      80   21%
    Number of unique control sets:              11
    Number of slice register sites lost
      to control set restrictions:              68 out of  54,576    1%

  A LUT Flip Flop pair for this architecture represents one LUT paired with
  one Flip Flop within a slice.  A control set is a unique combination of
  clock, reset, set, and enable signals for a registered element.
  The Slice Logic Distribution report is not meaningful if the design is
  over-mapped for a non-slice resource or if Placement fails.

IO Utilization:
  Number of bonded IOBs:                       114 out of     296   38%
    IOB Latches:                                 1

Specific Feature Utilization:
  Number of RAMB16BWERs:                         0 out of     116    0%
  Number of RAMB8BWERs:                          0 out of     232    0%
  Number of BUFIO2/BUFIO2_2CLKs:                 0 out of      32    0%
  Number of BUFIO2FB/BUFIO2FB_2CLKs:             0 out of      32    0%
  Number of BUFG/BUFGMUXs:                       0 out of      16    0%
  Number of DCM/DCM_CLKGENs:                     0 out of       8    0%
  Number of ILOGIC2/ISERDES2s:                   0 out of     376    0%
  Number of IODELAY2/IODRP2/IODRP2_MCBs:         0 out of     376    0%
  Number of OLOGIC2/OSERDES2s:                   1 out of     376    1%
    Number used as OLOGIC2s:                     1
    Number used as OSERDES2s:                    0
  Number of BSCANs:                              0 out of       4    0%
  Number of BUFHs:                               0 out of     256    0%
  Number of BUFPLLs:                             0 out of       8    0%
  Number of BUFPLL_MCBs:                         0 out of       4    0%
  Number of DSP48A1s:                            0 out of      58    0%
  Number of GTPA1_DUALs:                         0 out of       2    0%
  Number of ICAPs:                               0 out of       1    0%
  Number of MCBs:                                0 out of       2    0%
  Number of PCIE_A1s:                            0 out of       1    0%
  Number of PCILOGICSEs:                         0 out of       2    0%
  Number of PLL_ADVs:                            0 out of       4    0%
  Number of PMVs:                                0 out of       1    0%
  Number of STARTUPs:                            0 out of       1    0%
  Number of SUSPEND_SYNCs:                       0 out of       1    0%

Average Fanout of Non-Clock Nets:                2.23

Peak Memory Usage:  4608 MB
Total REAL time to MAP completion:  16 secs 
Total CPU time to MAP completion:   13 secs 

Table of Contents
-----------------
Section 1 - Errors
Section 2 - Warnings
Section 3 - Informational
Section 4 - Removed Logic Summary
Section 5 - Removed Logic
Section 6 - IOB Properties
Section 7 - RPMs
Section 8 - Guide Report
Section 9 - Area Group and Partition Summary
Section 10 - Timing Report
Section 11 - Configuration String Information
Section 12 - Control Set Information
Section 13 - Utilization by Hierarchy

Section 1 - Errors
------------------

Section 2 - Warnings
--------------------
WARNING:PhysDesignRules:372 - Gated clock. Clock net trdyi_G is sourced by a
   combinatorial pin. This is not good design practice. Use the CE pin to
   control the loading of data into the flip-flop.
WARNING:PhysDesignRules:372 - Gated clock. Clock net meT_D is sourced by a
   combinatorial pin. This is not good design practice. Use the CE pin to
   control the loading of data into the flip-flop.
WARNING:PhysDesignRules:372 - Gated clock. Clock net GND_1_o_GND_1_o_OR_45_o is
   sourced by a combinatorial pin. This is not good design practice. Use the CE
   pin to control the loading of data into the flip-flop.
WARNING:PhysDesignRules:372 - Gated clock. Clock net request_G is sourced by a
   combinatorial pin. This is not good design practice. Use the CE pin to
   control the loading of data into the flip-flop.
WARNING:PhysDesignRules:372 - Gated clock. Clock net irdyi_G is sourced by a
   combinatorial pin. This is not good design practice. Use the CE pin to
   control the loading of data into the flip-flop.
WARNING:PhysDesignRules:372 - Gated clock. Clock net GND_1_o_GND_1_o_OR_50_o is
   sourced by a combinatorial pin. This is not good design practice. Use the CE
   pin to control the loading of data into the flip-flop.
WARNING:PhysDesignRules:372 - Gated clock. Clock net addressplus_G is sourced by
   a combinatorial pin. This is not good design practice. Use the CE pin to
   control the loading of data into the flip-flop.
WARNING:PhysDesignRules:372 - Gated clock. Clock net writeplusT_G is sourced by
   a combinatorial pin. This is not good design practice. Use the CE pin to
   control the loading of data into the flip-flop.
WARNING:PhysDesignRules:372 - Gated clock. Clock net meT_G is sourced by a
   combinatorial pin. This is not good design practice. Use the CE pin to
   control the loading of data into the flip-flop.
WARNING:PhysDesignRules:372 - Gated clock. Clock net writeplusI_G is sourced by
   a combinatorial pin. This is not good design practice. Use the CE pin to
   control the loading of data into the flip-flop.
WARNING:PhysDesignRules:372 - Gated clock. Clock net meI_G is sourced by a
   combinatorial pin. This is not good design practice. Use the CE pin to
   control the loading of data into the flip-flop.

Section 3 - Informational
-------------------------
INFO:MapLib:562 - No environment variables are currently set.
INFO:LIT:244 - All of the single ended outputs in this design are using slew
   rate limited output drivers. The delay on speed critical single ended outputs
   can be dramatically reduced by designating them as fast outputs.
INFO:Pack:1716 - Initializing temperature to 85.000 Celsius. (default - Range:
   0.000 to 85.000 Celsius)
INFO:Pack:1720 - Initializing voltage to 1.140 Volts. (default - Range: 1.140 to
   1.260 Volts)
INFO:Map:215 - The Interim Design Summary has been generated in the MAP Report
   (.mrp).
INFO:Pack:1650 - Map created a placed design.

Section 4 - Removed Logic Summary
---------------------------------
   2 block(s) optimized away

Section 5 - Removed Logic
-------------------------

Optimized Block(s):
TYPE 		BLOCK
GND 		XST_GND
VCC 		XST_VCC

Section 6 - IOB Properties
--------------------------

+---------------------------------------------------------------------------------------------------------------------------------------------------------+
| IOB Name                           | Type             | Direction | IO Standard          | Diff  | Drive    | Slew | Reg (s)      | Resistor | IOB      |
|                                    |                  |           |                      | Term  | Strength | Rate |              |          | Delay    |
+---------------------------------------------------------------------------------------------------------------------------------------------------------+
| C_be<0>                            | IOB              | BIDIR     | LVCMOS25             |       | 12       | SLOW |              |          |          |
| C_be<1>                            | IOB              | BIDIR     | LVCMOS25             |       | 12       | SLOW |              |          |          |
| C_be<2>                            | IOB              | BIDIR     | LVCMOS25             |       | 12       | SLOW |              |          |          |
| C_be<3>                            | IOB              | BIDIR     | LVCMOS25             |       | 12       | SLOW |              |          |          |
| addressToContact<0>                | IOB              | INPUT     | LVCMOS25             |       |          |      |              |          |          |
| addressToContact<1>                | IOB              | INPUT     | LVCMOS25             |       |          |      |              |          |          |
| addressToContact<2>                | IOB              | INPUT     | LVCMOS25             |       |          |      |              |          |          |
| addressToContact<3>                | IOB              | INPUT     | LVCMOS25             |       |          |      |              |          |          |
| addressToContact<4>                | IOB              | INPUT     | LVCMOS25             |       |          |      |              |          |          |
| addressToContact<5>                | IOB              | INPUT     | LVCMOS25             |       |          |      |              |          |          |
| addressToContact<6>                | IOB              | INPUT     | LVCMOS25             |       |          |      |              |          |          |
| addressToContact<7>                | IOB              | INPUT     | LVCMOS25             |       |          |      |              |          |          |
| addressToContact<8>                | IOB              | INPUT     | LVCMOS25             |       |          |      |              |          |          |
| addressToContact<9>                | IOB              | INPUT     | LVCMOS25             |       |          |      |              |          |          |
| addressToContact<10>               | IOB              | INPUT     | LVCMOS25             |       |          |      |              |          |          |
| addressToContact<11>               | IOB              | INPUT     | LVCMOS25             |       |          |      |              |          |          |
| addressToContact<12>               | IOB              | INPUT     | LVCMOS25             |       |          |      |              |          |          |
| addressToContact<13>               | IOB              | INPUT     | LVCMOS25             |       |          |      |              |          |          |
| addressToContact<14>               | IOB              | INPUT     | LVCMOS25             |       |          |      |              |          |          |
| addressToContact<15>               | IOB              | INPUT     | LVCMOS25             |       |          |      |              |          |          |
| addressToContact<16>               | IOB              | INPUT     | LVCMOS25             |       |          |      |              |          |          |
| addressToContact<17>               | IOB              | INPUT     | LVCMOS25             |       |          |      |              |          |          |
| addressToContact<18>               | IOB              | INPUT     | LVCMOS25             |       |          |      |              |          |          |
| addressToContact<19>               | IOB              | INPUT     | LVCMOS25             |       |          |      |              |          |          |
| addressToContact<20>               | IOB              | INPUT     | LVCMOS25             |       |          |      |              |          |          |
| addressToContact<21>               | IOB              | INPUT     | LVCMOS25             |       |          |      |              |          |          |
| addressToContact<22>               | IOB              | INPUT     | LVCMOS25             |       |          |      |              |          |          |
| addressToContact<23>               | IOB              | INPUT     | LVCMOS25             |       |          |      |              |          |          |
| addressToContact<24>               | IOB              | INPUT     | LVCMOS25             |       |          |      |              |          |          |
| addressToContact<25>               | IOB              | INPUT     | LVCMOS25             |       |          |      |              |          |          |
| addressToContact<26>               | IOB              | INPUT     | LVCMOS25             |       |          |      |              |          |          |
| addressToContact<27>               | IOB              | INPUT     | LVCMOS25             |       |          |      |              |          |          |
| addressToContact<28>               | IOB              | INPUT     | LVCMOS25             |       |          |      |              |          |          |
| addressToContact<29>               | IOB              | INPUT     | LVCMOS25             |       |          |      |              |          |          |
| addressToContact<30>               | IOB              | INPUT     | LVCMOS25             |       |          |      |              |          |          |
| addressToContact<31>               | IOB              | INPUT     | LVCMOS25             |       |          |      |              |          |          |
| bus<0>                             | IOB              | BIDIR     | LVCMOS25             |       | 12       | SLOW |              |          |          |
| bus<1>                             | IOB              | BIDIR     | LVCMOS25             |       | 12       | SLOW |              |          |          |
| bus<2>                             | IOB              | BIDIR     | LVCMOS25             |       | 12       | SLOW |              |          |          |
| bus<3>                             | IOB              | BIDIR     | LVCMOS25             |       | 12       | SLOW |              |          |          |
| bus<4>                             | IOB              | BIDIR     | LVCMOS25             |       | 12       | SLOW |              |          |          |
| bus<5>                             | IOB              | BIDIR     | LVCMOS25             |       | 12       | SLOW |              |          |          |
| bus<6>                             | IOB              | BIDIR     | LVCMOS25             |       | 12       | SLOW |              |          |          |
| bus<7>                             | IOB              | BIDIR     | LVCMOS25             |       | 12       | SLOW |              |          |          |
| bus<8>                             | IOB              | BIDIR     | LVCMOS25             |       | 12       | SLOW |              |          |          |
| bus<9>                             | IOB              | BIDIR     | LVCMOS25             |       | 12       | SLOW |              |          |          |
| bus<10>                            | IOB              | BIDIR     | LVCMOS25             |       | 12       | SLOW |              |          |          |
| bus<11>                            | IOB              | BIDIR     | LVCMOS25             |       | 12       | SLOW |              |          |          |
| bus<12>                            | IOB              | BIDIR     | LVCMOS25             |       | 12       | SLOW |              |          |          |
| bus<13>                            | IOB              | BIDIR     | LVCMOS25             |       | 12       | SLOW |              |          |          |
| bus<14>                            | IOB              | BIDIR     | LVCMOS25             |       | 12       | SLOW |              |          |          |
| bus<15>                            | IOB              | BIDIR     | LVCMOS25             |       | 12       | SLOW |              |          |          |
| bus<16>                            | IOB              | BIDIR     | LVCMOS25             |       | 12       | SLOW |              |          |          |
| bus<17>                            | IOB              | BIDIR     | LVCMOS25             |       | 12       | SLOW |              |          |          |
| bus<18>                            | IOB              | BIDIR     | LVCMOS25             |       | 12       | SLOW |              |          |          |
| bus<19>                            | IOB              | BIDIR     | LVCMOS25             |       | 12       | SLOW |              |          |          |
| bus<20>                            | IOB              | BIDIR     | LVCMOS25             |       | 12       | SLOW |              |          |          |
| bus<21>                            | IOB              | BIDIR     | LVCMOS25             |       | 12       | SLOW |              |          |          |
| bus<22>                            | IOB              | BIDIR     | LVCMOS25             |       | 12       | SLOW |              |          |          |
| bus<23>                            | IOB              | BIDIR     | LVCMOS25             |       | 12       | SLOW |              |          |          |
| bus<24>                            | IOB              | BIDIR     | LVCMOS25             |       | 12       | SLOW |              |          |          |
| bus<25>                            | IOB              | BIDIR     | LVCMOS25             |       | 12       | SLOW |              |          |          |
| bus<26>                            | IOB              | BIDIR     | LVCMOS25             |       | 12       | SLOW |              |          |          |
| bus<27>                            | IOB              | BIDIR     | LVCMOS25             |       | 12       | SLOW |              |          |          |
| bus<28>                            | IOB              | BIDIR     | LVCMOS25             |       | 12       | SLOW |              |          |          |
| bus<29>                            | IOB              | BIDIR     | LVCMOS25             |       | 12       | SLOW |              |          |          |
| bus<30>                            | IOB              | BIDIR     | LVCMOS25             |       | 12       | SLOW |              |          |          |
| bus<31>                            | IOB              | BIDIR     | LVCMOS25             |       | 12       | SLOW |              |          |          |
| clk                                | IOB              | INPUT     | LVCMOS25             |       |          |      |              |          |          |
| devsel                             | IOB              | BIDIR     | LVCMOS25             |       | 12       | SLOW |              |          |          |
| force_request                      | IOB              | INPUT     | LVCMOS25             |       |          |      |              |          |          |
| frame                              | IOB              | BIDIR     | LVCMOS25             |       | 12       | SLOW |              |          |          |
| grand                              | IOB              | INPUT     | LVCMOS25             |       |          |      |              |          |          |
| irdy                               | IOB              | BIDIR     | LVCMOS25             |       | 12       | SLOW |              |          |          |
| myaddress<0>                       | IOB              | INPUT     | LVCMOS25             |       |          |      |              |          |          |
| myaddress<1>                       | IOB              | INPUT     | LVCMOS25             |       |          |      |              |          |          |
| myaddress<2>                       | IOB              | INPUT     | LVCMOS25             |       |          |      |              |          |          |
| myaddress<3>                       | IOB              | INPUT     | LVCMOS25             |       |          |      |              |          |          |
| myaddress<4>                       | IOB              | INPUT     | LVCMOS25             |       |          |      |              |          |          |
| myaddress<5>                       | IOB              | INPUT     | LVCMOS25             |       |          |      |              |          |          |
| myaddress<6>                       | IOB              | INPUT     | LVCMOS25             |       |          |      |              |          |          |
| myaddress<7>                       | IOB              | INPUT     | LVCMOS25             |       |          |      |              |          |          |
| myaddress<8>                       | IOB              | INPUT     | LVCMOS25             |       |          |      |              |          |          |
| myaddress<9>                       | IOB              | INPUT     | LVCMOS25             |       |          |      |              |          |          |
| myaddress<10>                      | IOB              | INPUT     | LVCMOS25             |       |          |      |              |          |          |
| myaddress<11>                      | IOB              | INPUT     | LVCMOS25             |       |          |      |              |          |          |
| myaddress<12>                      | IOB              | INPUT     | LVCMOS25             |       |          |      |              |          |          |
| myaddress<13>                      | IOB              | INPUT     | LVCMOS25             |       |          |      |              |          |          |
| myaddress<14>                      | IOB              | INPUT     | LVCMOS25             |       |          |      |              |          |          |
| myaddress<15>                      | IOB              | INPUT     | LVCMOS25             |       |          |      |              |          |          |
| myaddress<16>                      | IOB              | INPUT     | LVCMOS25             |       |          |      |              |          |          |
| myaddress<17>                      | IOB              | INPUT     | LVCMOS25             |       |          |      |              |          |          |
| myaddress<18>                      | IOB              | INPUT     | LVCMOS25             |       |          |      |              |          |          |
| myaddress<19>                      | IOB              | INPUT     | LVCMOS25             |       |          |      |              |          |          |
| myaddress<20>                      | IOB              | INPUT     | LVCMOS25             |       |          |      |              |          |          |
| myaddress<21>                      | IOB              | INPUT     | LVCMOS25             |       |          |      |              |          |          |
| myaddress<22>                      | IOB              | INPUT     | LVCMOS25             |       |          |      |              |          |          |
| myaddress<23>                      | IOB              | INPUT     | LVCMOS25             |       |          |      |              |          |          |
| myaddress<24>                      | IOB              | INPUT     | LVCMOS25             |       |          |      |              |          |          |
| myaddress<25>                      | IOB              | INPUT     | LVCMOS25             |       |          |      |              |          |          |
| myaddress<26>                      | IOB              | INPUT     | LVCMOS25             |       |          |      |              |          |          |
| myaddress<27>                      | IOB              | INPUT     | LVCMOS25             |       |          |      |              |          |          |
| myaddress<28>                      | IOB              | INPUT     | LVCMOS25             |       |          |      |              |          |          |
| myaddress<29>                      | IOB              | INPUT     | LVCMOS25             |       |          |      |              |          |          |
| myaddress<30>                      | IOB              | INPUT     | LVCMOS25             |       |          |      |              |          |          |
| myaddress<31>                      | IOB              | INPUT     | LVCMOS25             |       |          |      |              |          |          |
| request                            | IOB              | OUTPUT    | LVCMOS25             |       | 12       | SLOW | OLATCH       |          |          |
| transactionType                    | IOB              | INPUT     | LVCMOS25             |       |          |      |              |          |          |
| transactionsize<0>                 | IOB              | INPUT     | LVCMOS25             |       |          |      |              |          |          |
| transactionsize<1>                 | IOB              | INPUT     | LVCMOS25             |       |          |      |              |          |          |
| transactionsize<2>                 | IOB              | INPUT     | LVCMOS25             |       |          |      |              |          |          |
| transactionsize<3>                 | IOB              | INPUT     | LVCMOS25             |       |          |      |              |          |          |
| transactionsize<4>                 | IOB              | INPUT     | LVCMOS25             |       |          |      |              |          |          |
| trdy                               | IOB              | BIDIR     | LVCMOS25             |       | 12       | SLOW |              |          |          |
+---------------------------------------------------------------------------------------------------------------------------------------------------------+

Section 7 - RPMs
----------------

Section 8 - Guide Report
------------------------
Guide not run on this design.

Section 9 - Area Group and Partition Summary
--------------------------------------------

Partition Implementation Status
-------------------------------

  No Partitions were found in this design.

-------------------------------

Area Group Information
----------------------

  No area groups were found in this design.

----------------------

Section 10 - Timing Report
--------------------------
A logic-level (pre-route) timing report can be generated by using Xilinx static
timing analysis tools, Timing Analyzer (GUI) or TRCE (command line), with the
mapped NCD and PCF files. Please note that this timing report will be generated
using estimated delay information. For accurate numbers, please generate a
timing report with the post Place and Route NCD file.

For more information about the Timing Analyzer, consult the Xilinx Timing
Analyzer Reference Manual; for more information about TRCE, consult the Xilinx
Command Line Tools User Guide "TRACE" chapter.

Section 11 - Configuration String Details
-----------------------------------------
Use the "-detail" map option to print out Configuration Strings

Section 12 - Control Set Information
------------------------------------
Use the "-detail" map option to print out Control Set Information.

Section 13 - Utilization by Hierarchy
-------------------------------------
Use the "-detail" map option to print out the Utilization by Hierarchy section.
